<?xml version="1.0" encoding="UTF-8"?>
<!-- Generated by org.testng.reporters.JUnitXMLReporter -->
<testsuite ignored="1" hostname="DESKTOP-3GRIPCS" failures="0" tests="1" name="Default test" time="42.672" errors="0" timestamp="2024-08-29T18:54:16 IST">
  <testcase classname="jackpot_test.TestClass_JA_1" name="SignInTest_and_Purchase_ticket" time="29.182"/>
  <testcase classname="jackpot_test.TestClass_JA_1" name="Register_New_User_Self" time="0.0">
    <ignored/>
  </testcase> <!-- Register_New_User_Self -->
</testsuite> <!-- Default test -->
