<?xml version="1.0" encoding="UTF-8"?>
<!-- Generated by org.testng.reporters.JUnitXMLReporter -->
<testsuite ignored="1" hostname="DESKTOP-3GRIPCS" failures="0" tests="1" name="Default test" time="42.96" errors="0" timestamp="2024-08-23T15:04:19 IST">
  <testcase classname="jackpot_test.TestClass_JA_2" name="verify_UserWinningTicket" time="24.22"/>
  <testcase classname="jackpot_test.TestClass_JA_2" name="Add_Credit" time="0.0">
    <ignored/>
  </testcase> <!-- Add_Credit -->
</testsuite> <!-- Default test -->
