<?xml version="1.0" encoding="UTF-8"?>
<testng-results ignored="0" total="5" passed="4" failed="1" skipped="0">
  <reporter-output>
    <line>
      <![CDATA[Launching Browser]]>
    </line>
    <line>
      <![CDATA[Entered Full Name]]>
    </line>
    <line>
      <![CDATA[Entered CellPhone Number]]>
    </line>
    <line>
      <![CDATA[Entered EmailID]]>
    </line>
    <line>
      <![CDATA[Entered Password]]>
    </line>
    <line>
      <![CDATA[Clicked on Submit Button]]>
    </line>
    <line>
      <![CDATA[Country Selected Successfully]]>
    </line>
    <line>
      <![CDATA[Gender Selected Successfully]]>
    </line>
    <line>
      <![CDATA[Calender clicked Successfully]]>
    </line>
    <line>
      <![CDATA[Year clicked Successfully]]>
    </line>
    <line>
      <![CDATA[Date clicked Successfully]]>
    </line>
    <line>
      <![CDATA[Country Selected Successfully]]>
    </line>
    <line>
      <![CDATA[Clicked next Button Succcessfully]]>
    </line>
    <line>
      <![CDATA[User Redirected to Enter OTP Screen]]>
    </line>
    <line>
      <![CDATA[Closing the browser]]>
    </line>
    <line>
      <![CDATA[Launching Browser]]>
    </line>
    <line>
      <![CDATA[Random Number Clicked]]>
    </line>
    <line>
      <![CDATA[Ticket Added to Cart]]>
    </line>
    <line>
      <![CDATA[Taking ScreenShot]]>
    </line>
    <line>
      <![CDATA[Saved ScreenShot atE:\TestScreenShot\SignInTest_and_Purchase_ticket_23.08.2024.10.59.04.png]]>
    </line>
    <line>
      <![CDATA[Closing the browser]]>
    </line>
    <line>
      <![CDATA[Launching Browser]]>
    </line>
    <line>
      <![CDATA[Closing the browser]]>
    </line>
    <line>
      <![CDATA[Launching Browser]]>
    </line>
    <line>
      <![CDATA[Admin Email ID is Entered]]>
    </line>
    <line>
      <![CDATA[Admin Password is Entered]]>
    </line>
    <line>
      <![CDATA[Clicked on View Password Toggle]]>
    </line>
    <line>
      <![CDATA[Clicked on Sign IN Button]]>
    </line>
    <line>
      <![CDATA[Clicked on Player Management]]>
    </line>
    <line>
      <![CDATA[Clicked on Add New Player]]>
    </line>
    <line>
      <![CDATA[Entered Player Name]]>
    </line>
    <line>
      <![CDATA[Entered User Email ID]]>
    </line>
    <line>
      <![CDATA[Entered User Mobile Number]]>
    </line>
    <line>
      <![CDATA[Enter User Password]]>
    </line>
    <line>
      <![CDATA[Entered Confirmed Password]]>
    </line>
    <line>
      <![CDATA[Clicked on Submit Button]]>
    </line>
    <line>
      <![CDATA[User Created Successfully]]>
    </line>
    <line>
      <![CDATA[Closing the browser]]>
    </line>
    <line>
      <![CDATA[Browser Closed]]>
    </line>
    <line>
      <![CDATA[Launching Browser]]>
    </line>
    <line>
      <![CDATA[Admin Email ID is Entered]]>
    </line>
    <line>
      <![CDATA[Admin Password is Entered]]>
    </line>
    <line>
      <![CDATA[Clicked on View Password Toggle]]>
    </line>
    <line>
      <![CDATA[Clicked on Sign IN Button]]>
    </line>
    <line>
      <![CDATA[Closing the browser]]>
    </line>
    <line>
      <![CDATA[Browser Closed]]>
    </line>
  </reporter-output>
  <suite started-at="2024-08-23T10:57:49 IST" name="Suite" finished-at="2024-08-23T11:02:10 IST" duration-ms="260705">
    <groups>
    </groups>
    <test started-at="2024-08-23T10:57:49 IST" name="Test" finished-at="2024-08-23T11:02:10 IST" duration-ms="260705">
      <class name="jackpot_test.TestClass_JA_1">
        <test-method is-config="true" signature="startLogger()[pri:0, instance:jackpot_test.TestClass_JA_1@5038d0b5]" started-at="2024-08-23T10:57:49 IST" name="startLogger" finished-at="2024-08-23T10:57:49 IST" duration-ms="193" status="PASS">
          <reporter-output>
          </reporter-output>
        </test-method> <!-- startLogger -->
        <test-method is-config="true" signature="startProcess()[pri:0, instance:jackpot_test.TestClass_JA_1@5038d0b5]" started-at="2024-08-23T10:57:49 IST" name="startProcess" finished-at="2024-08-23T10:58:01 IST" duration-ms="11692" status="PASS">
          <reporter-output>
            <line>
              <![CDATA[Launching Browser]]>
            </line>
          </reporter-output>
        </test-method> <!-- startProcess -->
        <test-method signature="Register_New_User_Self()[pri:0, instance:jackpot_test.TestClass_JA_1@5038d0b5]" started-at="2024-08-23T10:58:01 IST" name="Register_New_User_Self" finished-at="2024-08-23T10:58:21 IST" duration-ms="20259" status="PASS">
          <reporter-output>
            <line>
              <![CDATA[Entered Full Name]]>
            </line>
            <line>
              <![CDATA[Entered CellPhone Number]]>
            </line>
            <line>
              <![CDATA[Entered EmailID]]>
            </line>
            <line>
              <![CDATA[Entered Password]]>
            </line>
            <line>
              <![CDATA[Clicked on Submit Button]]>
            </line>
            <line>
              <![CDATA[Country Selected Successfully]]>
            </line>
            <line>
              <![CDATA[Gender Selected Successfully]]>
            </line>
            <line>
              <![CDATA[Calender clicked Successfully]]>
            </line>
            <line>
              <![CDATA[Year clicked Successfully]]>
            </line>
            <line>
              <![CDATA[Date clicked Successfully]]>
            </line>
            <line>
              <![CDATA[Country Selected Successfully]]>
            </line>
            <line>
              <![CDATA[Clicked next Button Succcessfully]]>
            </line>
            <line>
              <![CDATA[User Redirected to Enter OTP Screen]]>
            </line>
          </reporter-output>
        </test-method> <!-- Register_New_User_Self -->
        <test-method is-config="true" signature="afterTest()[pri:0, instance:jackpot_test.TestClass_JA_1@5038d0b5]" started-at="2024-08-23T10:58:21 IST" name="afterTest" finished-at="2024-08-23T10:58:26 IST" duration-ms="4544" status="PASS">
          <reporter-output>
            <line>
              <![CDATA[Closing the browser]]>
            </line>
          </reporter-output>
        </test-method> <!-- afterTest -->
        <test-method is-config="true" signature="startProcess()[pri:0, instance:jackpot_test.TestClass_JA_1@5038d0b5]" started-at="2024-08-23T10:58:26 IST" name="startProcess" finished-at="2024-08-23T10:58:37 IST" duration-ms="11160" status="PASS">
          <reporter-output>
            <line>
              <![CDATA[Launching Browser]]>
            </line>
          </reporter-output>
        </test-method> <!-- startProcess -->
        <test-method signature="SignInTest_and_Purchase_ticket()[pri:0, instance:jackpot_test.TestClass_JA_1@5038d0b5]" started-at="2024-08-23T10:58:37 IST" name="SignInTest_and_Purchase_ticket" finished-at="2024-08-23T10:59:04 IST" duration-ms="26900" status="FAIL">
          <exception class="org.openqa.selenium.NoSuchElementException">
            <message>
              <![CDATA[no such element: Unable to locate element: {"method":"xpath","selector":"//*[@class='Toastify__toast-body']/div[2]"}
  (Session info: chrome=127.0.6533.120)
For documentation on this error, please visit: https://www.selenium.dev/documentation/webdriver/troubleshooting/errors#no-such-element-exception
Build info: version: '4.23.0', revision: '4df0a231af'
System info: os.name: 'Windows 10', os.arch: 'amd64', os.version: '10.0', java.version: '22.0.1'
Driver info: org.openqa.selenium.chrome.ChromeDriver
Command: [b958551ac48a6b2570e9621fc84a2f89, findElement {using=xpath, value=//*[@class='Toastify__toast-body']/div[2]}]
Capabilities {acceptInsecureCerts: false, browserName: chrome, browserVersion: 127.0.6533.120, chrome: {chromedriverVersion: 127.0.6533.119 (bdef6783a05..., userDataDir: C:\Users\vinton\AppData\Loc...}, fedcm:accounts: true, goog:chromeOptions: {debuggerAddress: localhost:49906}, networkConnectionEnabled: false, pageLoadStrategy: normal, platformName: windows, proxy: Proxy(), se:cdp: ws://localhost:49906/devtoo..., se:cdpVersion: 127.0.6533.120, setWindowRect: true, strictFileInteractability: false, timeouts: {implicit: 0, pageLoad: 300000, script: 30000}, unhandledPromptBehavior: dismiss and notify, webauthn:extension:credBlob: true, webauthn:extension:largeBlob: true, webauthn:extension:minPinLength: true, webauthn:extension:prf: true, webauthn:virtualAuthenticators: true}
Session ID: b958551ac48a6b2570e9621fc84a2f89]]>
            </message>
            <full-stacktrace>
              <![CDATA[org.openqa.selenium.NoSuchElementException: no such element: Unable to locate element: {"method":"xpath","selector":"//*[@class='Toastify__toast-body']/div[2]"}
  (Session info: chrome=127.0.6533.120)
For documentation on this error, please visit: https://www.selenium.dev/documentation/webdriver/troubleshooting/errors#no-such-element-exception
Build info: version: '4.23.0', revision: '4df0a231af'
System info: os.name: 'Windows 10', os.arch: 'amd64', os.version: '10.0', java.version: '22.0.1'
Driver info: org.openqa.selenium.chrome.ChromeDriver
Command: [b958551ac48a6b2570e9621fc84a2f89, findElement {using=xpath, value=//*[@class='Toastify__toast-body']/div[2]}]
Capabilities {acceptInsecureCerts: false, browserName: chrome, browserVersion: 127.0.6533.120, chrome: {chromedriverVersion: 127.0.6533.119 (bdef6783a05..., userDataDir: C:\Users\vinton\AppData\Loc...}, fedcm:accounts: true, goog:chromeOptions: {debuggerAddress: localhost:49906}, networkConnectionEnabled: false, pageLoadStrategy: normal, platformName: windows, proxy: Proxy(), se:cdp: ws://localhost:49906/devtoo..., se:cdpVersion: 127.0.6533.120, setWindowRect: true, strictFileInteractability: false, timeouts: {implicit: 0, pageLoad: 300000, script: 30000}, unhandledPromptBehavior: dismiss and notify, webauthn:extension:credBlob: true, webauthn:extension:largeBlob: true, webauthn:extension:minPinLength: true, webauthn:extension:prf: true, webauthn:virtualAuthenticators: true}
Session ID: b958551ac48a6b2570e9621fc84a2f89
at java.base/jdk.internal.reflect.DirectConstructorHandleAccessor.newInstance(DirectConstructorHandleAccessor.java:62)
at java.base/java.lang.reflect.Constructor.newInstanceWithCaller(Constructor.java:502)
at java.base/java.lang.reflect.Constructor.newInstance(Constructor.java:486)
at org.openqa.selenium.remote.ErrorCodec.decode(ErrorCodec.java:167)
at org.openqa.selenium.remote.codec.w3c.W3CHttpResponseCodec.decode(W3CHttpResponseCodec.java:138)
at org.openqa.selenium.remote.codec.w3c.W3CHttpResponseCodec.decode(W3CHttpResponseCodec.java:50)
at org.openqa.selenium.remote.HttpCommandExecutor.execute(HttpCommandExecutor.java:190)
at org.openqa.selenium.remote.service.DriverCommandExecutor.invokeExecute(DriverCommandExecutor.java:216)
at org.openqa.selenium.remote.service.DriverCommandExecutor.execute(DriverCommandExecutor.java:174)
at org.openqa.selenium.remote.RemoteWebDriver.execute(RemoteWebDriver.java:527)
at org.openqa.selenium.remote.ElementLocation$ElementFinder$2.findElement(ElementLocation.java:165)
at org.openqa.selenium.remote.ElementLocation.findElement(ElementLocation.java:59)
at org.openqa.selenium.remote.RemoteWebDriver.findElement(RemoteWebDriver.java:357)
at org.openqa.selenium.remote.RemoteWebDriver.findElement(RemoteWebDriver.java:351)
at org.openqa.selenium.support.pagefactory.DefaultElementLocator.findElement(DefaultElementLocator.java:68)
at org.openqa.selenium.support.pagefactory.internal.LocatingElementHandler.invoke(LocatingElementHandler.java:38)
at jdk.proxy2/jdk.proxy2.$Proxy12.getText(Unknown Source)
at jackpot_POM.Home_Page.ticketConfirmMessage(Home_Page.java:135)
at jackpot_test.TestClass_JA_1.SignInTest_and_Purchase_ticket(TestClass_JA_1.java:91)
at java.base/jdk.internal.reflect.DirectMethodHandleAccessor.invoke(DirectMethodHandleAccessor.java:103)
at java.base/java.lang.reflect.Method.invoke(Method.java:580)
at org.testng.internal.invokers.MethodInvocationHelper.invokeMethod(MethodInvocationHelper.java:139)
at org.testng.internal.invokers.TestInvoker.invokeMethod(TestInvoker.java:677)
at org.testng.internal.invokers.TestInvoker.invokeTestMethod(TestInvoker.java:221)
at org.testng.internal.invokers.MethodRunner.runInSequence(MethodRunner.java:50)
at org.testng.internal.invokers.TestInvoker$MethodInvocationAgent.invoke(TestInvoker.java:969)
at org.testng.internal.invokers.TestInvoker.invokeTestMethods(TestInvoker.java:194)
at org.testng.internal.invokers.TestMethodWorker.invokeTestMethods(TestMethodWorker.java:148)
at org.testng.internal.invokers.TestMethodWorker.run(TestMethodWorker.java:128)
at java.base/java.util.ArrayList.forEach(ArrayList.java:1597)
at org.testng.TestRunner.privateRun(TestRunner.java:829)
at org.testng.TestRunner.run(TestRunner.java:602)
at org.testng.SuiteRunner.runTest(SuiteRunner.java:437)
at org.testng.SuiteRunner.runSequentially(SuiteRunner.java:431)
at org.testng.SuiteRunner.privateRun(SuiteRunner.java:391)
at org.testng.SuiteRunner.run(SuiteRunner.java:330)
at org.testng.SuiteRunnerWorker.runSuite(SuiteRunnerWorker.java:52)
at org.testng.SuiteRunnerWorker.run(SuiteRunnerWorker.java:95)
at org.testng.TestNG.runSuitesSequentially(TestNG.java:1256)
at org.testng.TestNG.runSuitesLocally(TestNG.java:1176)
at org.testng.TestNG.runSuites(TestNG.java:1099)
at org.testng.TestNG.run(TestNG.java:1067)
at org.apache.maven.surefire.testng.TestNGExecutor.run(TestNGExecutor.java:308)
at org.apache.maven.surefire.testng.TestNGXmlTestSuite.execute(TestNGXmlTestSuite.java:71)
at org.apache.maven.surefire.testng.TestNGProvider.invoke(TestNGProvider.java:113)
at org.apache.maven.surefire.booter.ForkedBooter.runSuitesInProcess(ForkedBooter.java:385)
at org.apache.maven.surefire.booter.ForkedBooter.execute(ForkedBooter.java:162)
at org.apache.maven.surefire.booter.ForkedBooter.run(ForkedBooter.java:507)
at org.apache.maven.surefire.booter.ForkedBooter.main(ForkedBooter.java:495)
]]>
            </full-stacktrace>
          </exception> <!-- org.openqa.selenium.NoSuchElementException -->
          <reporter-output>
            <line>
              <![CDATA[Random Number Clicked]]>
            </line>
            <line>
              <![CDATA[Ticket Added to Cart]]>
            </line>
            <line>
              <![CDATA[Taking ScreenShot]]>
            </line>
            <line>
              <![CDATA[Saved ScreenShot atE:\TestScreenShot\SignInTest_and_Purchase_ticket_23.08.2024.10.59.04.png]]>
            </line>
          </reporter-output>
        </test-method> <!-- SignInTest_and_Purchase_ticket -->
        <test-method is-config="true" signature="afterTest()[pri:0, instance:jackpot_test.TestClass_JA_1@5038d0b5]" started-at="2024-08-23T10:59:04 IST" name="afterTest" finished-at="2024-08-23T10:59:09 IST" duration-ms="5380" status="PASS">
          <reporter-output>
            <line>
              <![CDATA[Closing the browser]]>
            </line>
          </reporter-output>
        </test-method> <!-- afterTest -->
      </class> <!-- jackpot_test.TestClass_JA_1 -->
      <class name="jackpot_test.TestClass_JA_2">
        <test-method is-config="true" signature="startLogger()[pri:0, instance:jackpot_test.TestClass_JA_2@383dc82c]" started-at="2024-08-23T10:59:09 IST" name="startLogger" finished-at="2024-08-23T10:59:09 IST" duration-ms="5" status="PASS">
          <reporter-output>
          </reporter-output>
        </test-method> <!-- startLogger -->
        <test-method is-config="true" signature="startProcess()[pri:0, instance:jackpot_test.TestClass_JA_2@383dc82c]" started-at="2024-08-23T10:59:09 IST" name="startProcess" finished-at="2024-08-23T10:59:20 IST" duration-ms="10989" status="PASS">
          <reporter-output>
            <line>
              <![CDATA[Launching Browser]]>
            </line>
          </reporter-output>
        </test-method> <!-- startProcess -->
        <test-method signature="Add_Credit()[pri:0, instance:jackpot_test.TestClass_JA_2@383dc82c]" started-at="2024-08-23T10:59:20 IST" name="Add_Credit" finished-at="2024-08-23T11:00:32 IST" duration-ms="71517" status="PASS">
          <reporter-output>
          </reporter-output>
        </test-method> <!-- Add_Credit -->
        <test-method is-config="true" signature="afterTest()[pri:0, instance:jackpot_test.TestClass_JA_2@383dc82c]" started-at="2024-08-23T11:00:32 IST" name="afterTest" finished-at="2024-08-23T11:00:36 IST" duration-ms="4531" status="PASS">
          <reporter-output>
            <line>
              <![CDATA[Closing the browser]]>
            </line>
          </reporter-output>
        </test-method> <!-- afterTest -->
      </class> <!-- jackpot_test.TestClass_JA_2 -->
      <class name="jackpot_test.TestClass_JA_Admin_1">
        <test-method is-config="true" signature="startLogger()[pri:0, instance:jackpot_test.TestClass_JA_Admin_1@4a07d605]" started-at="2024-08-23T11:00:36 IST" name="startLogger" finished-at="2024-08-23T11:00:36 IST" duration-ms="5" status="PASS">
          <reporter-output>
          </reporter-output>
        </test-method> <!-- startLogger -->
        <test-method is-config="true" signature="startProcess()[pri:0, instance:jackpot_test.TestClass_JA_Admin_1@4a07d605]" started-at="2024-08-23T11:00:36 IST" name="startProcess" finished-at="2024-08-23T11:01:09 IST" duration-ms="32561" status="PASS">
          <reporter-output>
            <line>
              <![CDATA[Launching Browser]]>
            </line>
            <line>
              <![CDATA[Admin Email ID is Entered]]>
            </line>
            <line>
              <![CDATA[Admin Password is Entered]]>
            </line>
            <line>
              <![CDATA[Clicked on View Password Toggle]]>
            </line>
            <line>
              <![CDATA[Clicked on Sign IN Button]]>
            </line>
          </reporter-output>
        </test-method> <!-- startProcess -->
        <test-method signature="AddPlayer_PlayerManagement()[pri:0, instance:jackpot_test.TestClass_JA_Admin_1@4a07d605]" started-at="2024-08-23T11:01:09 IST" name="AddPlayer_PlayerManagement" finished-at="2024-08-23T11:01:34 IST" duration-ms="24728" status="PASS">
          <reporter-output>
            <line>
              <![CDATA[Clicked on Player Management]]>
            </line>
            <line>
              <![CDATA[Clicked on Add New Player]]>
            </line>
            <line>
              <![CDATA[Entered Player Name]]>
            </line>
            <line>
              <![CDATA[Entered User Email ID]]>
            </line>
            <line>
              <![CDATA[Entered User Mobile Number]]>
            </line>
            <line>
              <![CDATA[Enter User Password]]>
            </line>
            <line>
              <![CDATA[Entered Confirmed Password]]>
            </line>
            <line>
              <![CDATA[Clicked on Submit Button]]>
            </line>
            <line>
              <![CDATA[User Created Successfully]]>
            </line>
          </reporter-output>
        </test-method> <!-- AddPlayer_PlayerManagement -->
        <test-method is-config="true" signature="afterTest()[pri:0, instance:jackpot_test.TestClass_JA_Admin_1@4a07d605]" started-at="2024-08-23T11:01:34 IST" name="afterTest" finished-at="2024-08-23T11:01:38 IST" duration-ms="4641" status="PASS">
          <reporter-output>
            <line>
              <![CDATA[Closing the browser]]>
            </line>
            <line>
              <![CDATA[Browser Closed]]>
            </line>
          </reporter-output>
        </test-method> <!-- afterTest -->
        <test-method is-config="true" signature="startProcess()[pri:0, instance:jackpot_test.TestClass_JA_Admin_1@4a07d605]" started-at="2024-08-23T11:01:38 IST" name="startProcess" finished-at="2024-08-23T11:02:05 IST" duration-ms="26691" status="PASS">
          <reporter-output>
            <line>
              <![CDATA[Launching Browser]]>
            </line>
            <line>
              <![CDATA[Admin Email ID is Entered]]>
            </line>
            <line>
              <![CDATA[Admin Password is Entered]]>
            </line>
            <line>
              <![CDATA[Clicked on View Password Toggle]]>
            </line>
            <line>
              <![CDATA[Clicked on Sign IN Button]]>
            </line>
          </reporter-output>
        </test-method> <!-- startProcess -->
        <test-method signature="Admin_SignIN()[pri:0, instance:jackpot_test.TestClass_JA_Admin_1@4a07d605]" started-at="2024-08-23T11:02:05 IST" name="Admin_SignIN" finished-at="2024-08-23T11:02:05 IST" duration-ms="1" status="PASS">
          <reporter-output>
          </reporter-output>
        </test-method> <!-- Admin_SignIN -->
        <test-method is-config="true" signature="afterTest()[pri:0, instance:jackpot_test.TestClass_JA_Admin_1@4a07d605]" started-at="2024-08-23T11:02:05 IST" name="afterTest" finished-at="2024-08-23T11:02:10 IST" duration-ms="4631" status="PASS">
          <reporter-output>
            <line>
              <![CDATA[Closing the browser]]>
            </line>
            <line>
              <![CDATA[Browser Closed]]>
            </line>
          </reporter-output>
        </test-method> <!-- afterTest -->
      </class> <!-- jackpot_test.TestClass_JA_Admin_1 -->
    </test> <!-- Test -->
  </suite> <!-- Suite -->
</testng-results>
