<?xml version="1.0" encoding="UTF-8"?>
<testng-results ignored="0" total="1" passed="1" failed="0" skipped="0">
  <reporter-output>
    <line>
      <![CDATA[Launching Browser]]>
    </line>
    <line>
      <![CDATA[Test Case passed]]>
    </line>
  </reporter-output>
  <suite started-at="2024-08-18T13:58:42 IST" name="Suite" finished-at="2024-08-18T13:58:55 IST" duration-ms="12439">
    <groups>
    </groups>
    <test started-at="2024-08-18T13:58:42 IST" name="Test" finished-at="2024-08-18T13:58:55 IST" duration-ms="12439">
      <class name="jackpot_test.TestClass_JA_1">
        <test-method is-config="true" signature="startLogger()[pri:0, instance:jackpot_test.TestClass_JA_1@5167f57d]" started-at="2024-08-18T13:58:42 IST" name="startLogger" finished-at="2024-08-18T13:58:43 IST" duration-ms="135" status="PASS">
          <reporter-output>
          </reporter-output>
        </test-method> <!-- startLogger -->
        <test-method is-config="true" signature="startProcess()[pri:0, instance:jackpot_test.TestClass_JA_1@5167f57d]" started-at="2024-08-18T13:58:43 IST" name="startProcess" finished-at="2024-08-18T13:58:53 IST" duration-ms="10670" status="PASS">
          <reporter-output>
            <line>
              <![CDATA[Launching Browser]]>
            </line>
          </reporter-output>
        </test-method> <!-- startProcess -->
        <test-method signature="result()[pri:0, instance:jackpot_test.TestClass_JA_1@5167f57d]" started-at="2024-08-18T13:58:53 IST" name="result" finished-at="2024-08-18T13:58:55 IST" duration-ms="1585" status="PASS">
          <reporter-output>
            <line>
              <![CDATA[Test Case passed]]>
            </line>
          </reporter-output>
        </test-method> <!-- result -->
      </class> <!-- jackpot_test.TestClass_JA_1 -->
    </test> <!-- Test -->
  </suite> <!-- Suite -->
</testng-results>
