<?xml version="1.0" encoding="UTF-8"?>
<testng-results ignored="0" total="1" passed="1" failed="0" skipped="0">
  <reporter-output>
    <line>
      <![CDATA[Launching Browser]]>
    </line>
    <line>
      <![CDATA[Closing the browser]]>
    </line>
  </reporter-output>
  <suite started-at="2024-08-23T10:05:05 IST" name="Default suite" finished-at="2024-08-23T10:06:38 IST" duration-ms="93076">
    <groups>
    </groups>
    <test started-at="2024-08-23T10:05:05 IST" name="Default test" finished-at="2024-08-23T10:06:38 IST" duration-ms="93076">
      <class name="jackpot_test.TestClass_JA_2">
        <test-method is-config="true" signature="startLogger()[pri:0, instance:jackpot_test.TestClass_JA_2@928763c]" started-at="2024-08-23T10:05:05 IST" name="startLogger" finished-at="2024-08-23T10:05:05 IST" duration-ms="191" status="PASS">
          <reporter-output>
          </reporter-output>
        </test-method> <!-- startLogger -->
        <test-method is-config="true" signature="startProcess()[pri:0, instance:jackpot_test.TestClass_JA_2@928763c]" started-at="2024-08-23T10:05:05 IST" name="startProcess" finished-at="2024-08-23T10:05:16 IST" duration-ms="10879" status="PASS">
          <reporter-output>
            <line>
              <![CDATA[Launching Browser]]>
            </line>
          </reporter-output>
        </test-method> <!-- startProcess -->
        <test-method signature="Add_Credit()[pri:0, instance:jackpot_test.TestClass_JA_2@928763c]" started-at="2024-08-23T10:05:16 IST" name="Add_Credit" finished-at="2024-08-23T10:06:34 IST" duration-ms="77554" status="PASS">
          <reporter-output>
          </reporter-output>
        </test-method> <!-- Add_Credit -->
        <test-method is-config="true" signature="afterTest()[pri:0, instance:jackpot_test.TestClass_JA_2@928763c]" started-at="2024-08-23T10:06:34 IST" name="afterTest" finished-at="2024-08-23T10:06:38 IST" duration-ms="4383" status="PASS">
          <reporter-output>
            <line>
              <![CDATA[Closing the browser]]>
            </line>
          </reporter-output>
        </test-method> <!-- afterTest -->
      </class> <!-- jackpot_test.TestClass_JA_2 -->
    </test> <!-- Default test -->
  </suite> <!-- Default suite -->
</testng-results>
