<?xml version="1.0" encoding="UTF-8"?>
<testng-results ignored="3" total="4" passed="1" failed="0" skipped="0">
  <reporter-output>
    <line>
      <![CDATA[Launching Browser]]>
    </line>
    <line>
      <![CDATA[User clicked]]>
    </line>
    <line>
      <![CDATA[User Entered UserEmail]]>
    </line>
    <line>
      <![CDATA[User Entered UserPassword]]>
    </line>
    <line>
      <![CDATA[User Clicked on Submit]]>
    </line>
    <line>
      <![CDATA[User Clicked on MyAccount]]>
    </line>
    <line>
      <![CDATA[User Clicked on Profile]]>
    </line>
    <line>
      <![CDATA[Enter Current Password Field is working]]>
    </line>
    <line>
      <![CDATA[Enter New Password Field is working]]>
    </line>
    <line>
      <![CDATA[Enter confirm New Password Field is working]]>
    </line>
    <line>
      <![CDATA[Change Password button is working]]>
    </line>
    <line>
      <![CDATA[Closing the browser]]>
    </line>
  </reporter-output>
  <suite started-at="2024-08-30T17:32:42 IST" name="Default suite" finished-at="2024-08-30T17:33:27 IST" duration-ms="45290">
    <groups>
    </groups>
    <test started-at="2024-08-30T17:32:42 IST" name="Default test" finished-at="2024-08-30T17:33:27 IST" duration-ms="45290">
      <class name="jackpot_test.TestClass_JA_2">
        <test-method is-config="true" signature="startLogger()[pri:0, instance:jackpot_test.TestClass_JA_2@471a9022]" started-at="2024-08-30T17:32:42 IST" name="startLogger" finished-at="2024-08-30T17:32:42 IST" duration-ms="175" status="PASS">
          <reporter-output>
          </reporter-output>
        </test-method> <!-- startLogger -->
        <test-method is-config="true" signature="startProcess()[pri:0, instance:jackpot_test.TestClass_JA_2@471a9022]" started-at="2024-08-30T17:32:42 IST" name="startProcess" finished-at="2024-08-30T17:32:56 IST" duration-ms="13179" status="PASS">
          <reporter-output>
            <line>
              <![CDATA[Launching Browser]]>
            </line>
          </reporter-output>
        </test-method> <!-- startProcess -->
        <test-method signature="UserProfle_UpdatePassword()[pri:0, instance:jackpot_test.TestClass_JA_2@471a9022]" started-at="2024-08-30T17:32:56 IST" name="UserProfle_UpdatePassword" finished-at="2024-08-30T17:33:23 IST" duration-ms="27514" status="PASS">
          <reporter-output>
            <line>
              <![CDATA[User clicked]]>
            </line>
            <line>
              <![CDATA[User Entered UserEmail]]>
            </line>
            <line>
              <![CDATA[User Entered UserPassword]]>
            </line>
            <line>
              <![CDATA[User Clicked on Submit]]>
            </line>
            <line>
              <![CDATA[User Clicked on MyAccount]]>
            </line>
            <line>
              <![CDATA[User Clicked on Profile]]>
            </line>
            <line>
              <![CDATA[Enter Current Password Field is working]]>
            </line>
            <line>
              <![CDATA[Enter New Password Field is working]]>
            </line>
            <line>
              <![CDATA[Enter confirm New Password Field is working]]>
            </line>
            <line>
              <![CDATA[Change Password button is working]]>
            </line>
          </reporter-output>
        </test-method> <!-- UserProfle_UpdatePassword -->
        <test-method is-config="true" signature="afterTest()[pri:0, instance:jackpot_test.TestClass_JA_2@471a9022]" started-at="2024-08-30T17:33:23 IST" name="afterTest" finished-at="2024-08-30T17:33:27 IST" duration-ms="4343" status="PASS">
          <reporter-output>
            <line>
              <![CDATA[Closing the browser]]>
            </line>
          </reporter-output>
        </test-method> <!-- afterTest -->
      </class> <!-- jackpot_test.TestClass_JA_2 -->
    </test> <!-- Default test -->
  </suite> <!-- Default suite -->
</testng-results>
